Using pre-set license
Built from '2020.3/staging' branch; Version is '2020.3.9f1 (108be757e447) revision 1084391'; Using compiler version '192528614'; Build Type 'Release'
OS: 'Windows 10 Pro; OS build 19042.1237; Version 2009; 64bit' Language: 'ko' Physical Memory: 16163 MB
BatchMode: 1, IsHumanControllingUs: 0, StartBugReporterOnCrash: 0, Is64bit: 1, IsPro: 0

 COMMAND LINE ARGUMENTS:
C:\Program Files\Unity\Hub\Editor\2020.3.9f1\Editor\Unity.exe
-adb2
-batchMode
-noUpm
-name
AssetImportWorker0
-projectPath
C:/Users/user/Desktop/Study/Unity/Goldmetal_Youtube/Shotting
-logFile
Logs/AssetImportWorker0.log
-srvPort
64879
Successfully changed project path to: C:/Users/user/Desktop/Study/Unity/Goldmetal_Youtube/Shotting
C:/Users/user/Desktop/Study/Unity/Goldmetal_Youtube/Shotting
Using Asset Import Pipeline V2.
Refreshing native plugins compatible for Editor in 63.15 ms, found 1 plugins.
Preloading 0 native plugins for Editor in 0.00 ms.
Initialize engine version: 2020.3.9f1 (108be757e447)
[Subsystems] Discovering subsystems at path C:/Program Files/Unity/Hub/Editor/2020.3.9f1/Editor/Data/Resources/UnitySubsystems
[Subsystems] Discovering subsystems at path C:/Users/user/Desktop/Study/Unity/Goldmetal_Youtube/Shotting/Assets
GfxDevice: creating device client; threaded=0
Direct3D:
    Version:  Direct3D 11.0 [level 11.1]
    Renderer: Intel(R) UHD Graphics (ID=0x9b41)
    Vendor:   
    VRAM:     8081 MB
    Driver:   26.20.100.7463
Initialize mono
Mono path[0] = 'C:/Program Files/Unity/Hub/Editor/2020.3.9f1/Editor/Data/Managed'
Mono path[1] = 'C:/Program Files/Unity/Hub/Editor/2020.3.9f1/Editor/Data/MonoBleedingEdge/lib/mono/unityjit'
Mono config path = 'C:/Program Files/Unity/Hub/Editor/2020.3.9f1/Editor/Data/MonoBleedingEdge/etc'
Using monoOptions --debugger-agent=transport=dt_socket,embedding=1,server=y,suspend=n,address=127.0.0.1:56404
Begin MonoManager ReloadAssembly
Registering precompiled unity dll's ...
Register platform support module: C:/Program Files/Unity/Hub/Editor/2020.3.9f1/Editor/Data/PlaybackEngines/WindowsStandaloneSupport/UnityEditor.WindowsStandalone.Extensions.dll
Registered in 0.002476 seconds.
Native extension for WindowsStandalone target not found
Refreshing native plugins compatible for Editor in 110.65 ms, found 1 plugins.
Preloading 0 native plugins for Editor in 0.00 ms.
Mono: successfully reloaded assembly
- Completed reload, in  4.909 seconds
Platform modules already initialized, skipping
Registering precompiled user dll's ...
Registered in 0.004547 seconds.
Begin MonoManager ReloadAssembly
Native extension for WindowsStandalone target not found
Refreshing native plugins compatible for Editor in 104.34 ms, found 1 plugins.
Preloading 0 native plugins for Editor in 0.00 ms.
Mono: successfully reloaded assembly
- Completed reload, in  2.725 seconds
Platform modules already initialized, skipping
========================================================================
Worker process is ready to serve import requests
Launched and connected shader compiler UnityShaderCompiler.exe after 0.09 seconds
Refreshing native plugins compatible for Editor in 0.76 ms, found 1 plugins.
Preloading 0 native plugins for Editor in 0.00 ms.
Unloading 1814 Unused Serialized files (Serialized files now loaded: 0)
System memory in use before: 85.0 MB.
System memory in use after: 84.9 MB.

Unloading 24 unused Assets to reduce memory usage. Loaded Objects now: 2256.
Total: 5.876900 ms (FindLiveObjects: 0.494900 ms CreateObjectMapping: 0.171400 ms MarkObjects: 4.835600 ms  DeleteObjects: 0.372300 ms)

========================================================================
Received Import Request.
  path: Assets/Script/GameManager.cs
  artifactKey: Guid(8ff4e1a885739414fb8415ebeaca8125) Importer(815301076,1909f56bfc062723c751e8b465ee728b)
Start importing Assets/Script/GameManager.cs using Guid(8ff4e1a885739414fb8415ebeaca8125) Importer(815301076,1909f56bfc062723c751e8b465ee728b)  -> (artifact id: '702b6f71332cb757fd8e3b93a0ba723f') in 0.059806 seconds
  Import took 0.066458 seconds .

========================================================================
Received Prepare
Registering precompiled user dll's ...
Registered in 0.001114 seconds.
Begin MonoManager ReloadAssembly
Native extension for WindowsStandalone target not found
Refreshing native plugins compatible for Editor in 0.39 ms, found 1 plugins.
Preloading 0 native plugins for Editor in 0.00 ms.
Mono: successfully reloaded assembly
- Completed reload, in  0.855 seconds
Platform modules already initialized, skipping
Refreshing native plugins compatible for Editor in 0.42 ms, found 1 plugins.
Preloading 0 native plugins for Editor in 0.00 ms.
Unloading 1809 Unused Serialized files (Serialized files now loaded: 0)
System memory in use before: 85.0 MB.
System memory in use after: 84.9 MB.

Unloading 12 unused Assets to reduce memory usage. Loaded Objects now: 2260.
Total: 2.363500 ms (FindLiveObjects: 0.193300 ms CreateObjectMapping: 0.045900 ms MarkObjects: 1.952500 ms  DeleteObjects: 0.170300 ms)

========================================================================
Received Prepare
Registering precompiled user dll's ...
Registered in 0.001113 seconds.
Begin MonoManager ReloadAssembly
Native extension for WindowsStandalone target not found
Refreshing native plugins compatible for Editor in 0.40 ms, found 1 plugins.
Preloading 0 native plugins for Editor in 0.00 ms.
Mono: successfully reloaded assembly
- Completed reload, in  0.887 seconds
Platform modules already initialized, skipping
Refreshing native plugins compatible for Editor in 0.40 ms, found 1 plugins.
Preloading 0 native plugins for Editor in 0.00 ms.
Unloading 1809 Unused Serialized files (Serialized files now loaded: 0)
System memory in use before: 85.0 MB.
System memory in use after: 85.0 MB.

Unloading 12 unused Assets to reduce memory usage. Loaded Objects now: 2264.
Total: 2.180800 ms (FindLiveObjects: 0.195300 ms CreateObjectMapping: 0.067200 ms MarkObjects: 1.777800 ms  DeleteObjects: 0.139500 ms)

========================================================================
Received Prepare
Registering precompiled user dll's ...
Registered in 0.000855 seconds.
Begin MonoManager ReloadAssembly
Native extension for WindowsStandalone target not found
Refreshing native plugins compatible for Editor in 0.37 ms, found 1 plugins.
Preloading 0 native plugins for Editor in 0.00 ms.
Mono: successfully reloaded assembly
- Completed reload, in  0.853 seconds
Platform modules already initialized, skipping
Refreshing native plugins compatible for Editor in 0.35 ms, found 1 plugins.
Preloading 0 native plugins for Editor in 0.00 ms.
Unloading 1809 Unused Serialized files (Serialized files now loaded: 0)
System memory in use before: 85.0 MB.
System memory in use after: 85.0 MB.

Unloading 12 unused Assets to reduce memory usage. Loaded Objects now: 2268.
Total: 2.083300 ms (FindLiveObjects: 0.165400 ms CreateObjectMapping: 0.061500 ms MarkObjects: 1.702000 ms  DeleteObjects: 0.152800 ms)

========================================================================
Received Prepare
Registering precompiled user dll's ...
Registered in 0.001481 seconds.
Begin MonoManager ReloadAssembly
Native extension for WindowsStandalone target not found
Refreshing native plugins compatible for Editor in 0.73 ms, found 1 plugins.
Preloading 0 native plugins for Editor in 0.00 ms.
Mono: successfully reloaded assembly
- Completed reload, in  0.873 seconds
Platform modules already initialized, skipping
Refreshing native plugins compatible for Editor in 0.36 ms, found 1 plugins.
Preloading 0 native plugins for Editor in 0.00 ms.
Unloading 1809 Unused Serialized files (Serialized files now loaded: 0)
System memory in use before: 85.0 MB.
System memory in use after: 85.0 MB.

Unloading 12 unused Assets to reduce memory usage. Loaded Objects now: 2272.
Total: 2.774100 ms (FindLiveObjects: 0.317100 ms CreateObjectMapping: 0.076800 ms MarkObjects: 2.226400 ms  DeleteObjects: 0.152300 ms)

========================================================================
Received Prepare
Registering precompiled user dll's ...
Registered in 0.001020 seconds.
Begin MonoManager ReloadAssembly
Native extension for WindowsStandalone target not found
Refreshing native plugins compatible for Editor in 0.46 ms, found 1 plugins.
Preloading 0 native plugins for Editor in 0.00 ms.
Mono: successfully reloaded assembly
- Completed reload, in  0.968 seconds
Platform modules already initialized, skipping
Refreshing native plugins compatible for Editor in 0.50 ms, found 1 plugins.
Preloading 0 native plugins for Editor in 0.00 ms.
Unloading 1809 Unused Serialized files (Serialized files now loaded: 0)
System memory in use before: 85.0 MB.
System memory in use after: 85.0 MB.

Unloading 12 unused Assets to reduce memory usage. Loaded Objects now: 2276.
Total: 2.122300 ms (FindLiveObjects: 0.191000 ms CreateObjectMapping: 0.103100 ms MarkObjects: 1.674700 ms  DeleteObjects: 0.152600 ms)

========================================================================
Received Import Request.
  Time since last request: 1285.099381 seconds.
  path: Assets/Prefabs/Player Bullet B 1.prefab
  artifactKey: Guid(24a01aea603da6840ae704af7fbc845c) Importer(815301076,1909f56bfc062723c751e8b465ee728b)
Start importing Assets/Prefabs/Player Bullet B 1.prefab using Guid(24a01aea603da6840ae704af7fbc845c) Importer(815301076,1909f56bfc062723c751e8b465ee728b)  -> (artifact id: '2d623c0e66520163cb352af3628621fc') in 0.112547 seconds
  Import took 0.116092 seconds .

========================================================================
Received Import Request.
  Time since last request: 56.490636 seconds.
  path: Assets/Prefabs/Enemy Bullet A.prefab
  artifactKey: Guid(5582d6954c1e33f409bd7544fb2d37f9) Importer(815301076,1909f56bfc062723c751e8b465ee728b)
Start importing Assets/Prefabs/Enemy Bullet A.prefab using Guid(5582d6954c1e33f409bd7544fb2d37f9) Importer(815301076,1909f56bfc062723c751e8b465ee728b)  -> (artifact id: 'e976dcd63cc99962e07be592fe106e8a') in 0.019458 seconds
  Import took 0.023376 seconds .

========================================================================
Received Import Request.
  Time since last request: 68.272557 seconds.
  path: Assets/Prefabs/Enemy Bullet A.prefab
  artifactKey: Guid(5582d6954c1e33f409bd7544fb2d37f9) Importer(815301076,1909f56bfc062723c751e8b465ee728b)
Start importing Assets/Prefabs/Enemy Bullet A.prefab using Guid(5582d6954c1e33f409bd7544fb2d37f9) Importer(815301076,1909f56bfc062723c751e8b465ee728b)  -> (artifact id: '8f296fd6cfbc8dbed2ddf32568ef3e8c') in 0.017463 seconds
  Import took 0.021739 seconds .

========================================================================
Received Import Request.
  Time since last request: 5.678503 seconds.
  path: Assets/Prefabs/Player Bullet B 2.prefab
  artifactKey: Guid(6d0d1dd83e3af0149a3b2380e6440997) Importer(815301076,1909f56bfc062723c751e8b465ee728b)
Start importing Assets/Prefabs/Player Bullet B 2.prefab using Guid(6d0d1dd83e3af0149a3b2380e6440997) Importer(815301076,1909f56bfc062723c751e8b465ee728b)  -> (artifact id: 'd697c2eb48edb4542302f7ea4b65e416') in 0.021557 seconds
  Import took 0.025226 seconds .

========================================================================
Received Import Request.
  Time since last request: 0.020143 seconds.
  path: Assets/Prefabs/Player Bullet B 2.prefab
  artifactKey: Guid(6d0d1dd83e3af0149a3b2380e6440997) Importer(815301076,1909f56bfc062723c751e8b465ee728b)
Start importing Assets/Prefabs/Player Bullet B 2.prefab using Guid(6d0d1dd83e3af0149a3b2380e6440997) Importer(815301076,1909f56bfc062723c751e8b465ee728b)  -> (artifact id: 'd697c2eb48edb4542302f7ea4b65e416') in 0.017301 seconds
  Import took 0.021938 seconds .

========================================================================
Received Import Request.
  Time since last request: 33.969464 seconds.
  path: Assets/Prefabs/Enemy Bullet B.prefab
  artifactKey: Guid(6d0d1dd83e3af0149a3b2380e6440997) Importer(815301076,1909f56bfc062723c751e8b465ee728b)
Start importing Assets/Prefabs/Enemy Bullet B.prefab using Guid(6d0d1dd83e3af0149a3b2380e6440997) Importer(815301076,1909f56bfc062723c751e8b465ee728b)  -> (artifact id: '248d48d88dbdaf40cd2c0e1ce8e16c4d') in 0.016225 seconds
  Import took 0.020556 seconds .

========================================================================
Received Import Request.
  Time since last request: 31.604850 seconds.
  path: Assets/Prefabs/Enemy Bullet B.prefab
  artifactKey: Guid(6d0d1dd83e3af0149a3b2380e6440997) Importer(815301076,1909f56bfc062723c751e8b465ee728b)
Start importing Assets/Prefabs/Enemy Bullet B.prefab using Guid(6d0d1dd83e3af0149a3b2380e6440997) Importer(815301076,1909f56bfc062723c751e8b465ee728b)  -> (artifact id: 'fa3b59398c3fc60af020ef3fc7e447d5') in 0.016192 seconds
  Import took 0.020430 seconds .

========================================================================
Received Import Request.
  Time since last request: 5.934419 seconds.
  path: Assets/Prefabs/Enemy Bullet B.prefab
  artifactKey: Guid(6d0d1dd83e3af0149a3b2380e6440997) Importer(815301076,1909f56bfc062723c751e8b465ee728b)
Start importing Assets/Prefabs/Enemy Bullet B.prefab using Guid(6d0d1dd83e3af0149a3b2380e6440997) Importer(815301076,1909f56bfc062723c751e8b465ee728b)  -> (artifact id: '52fbbdc3f4982ea77923b8c62d790f1a') in 0.014878 seconds
  Import took 0.018827 seconds .

========================================================================
Received Import Request.
  Time since last request: 7.186463 seconds.
  path: Assets/Prefabs/Enemy Bullet B.prefab
  artifactKey: Guid(6d0d1dd83e3af0149a3b2380e6440997) Importer(815301076,1909f56bfc062723c751e8b465ee728b)
Start importing Assets/Prefabs/Enemy Bullet B.prefab using Guid(6d0d1dd83e3af0149a3b2380e6440997) Importer(815301076,1909f56bfc062723c751e8b465ee728b)  -> (artifact id: '3a00f1ec38b95957520d2c137655cb00') in 0.015489 seconds
  Import took 0.019824 seconds .

========================================================================
Received Import Request.
  Time since last request: 4.048937 seconds.
  path: Assets/Prefabs/Enemy Bullet B.prefab
  artifactKey: Guid(6d0d1dd83e3af0149a3b2380e6440997) Importer(815301076,1909f56bfc062723c751e8b465ee728b)
Start importing Assets/Prefabs/Enemy Bullet B.prefab using Guid(6d0d1dd83e3af0149a3b2380e6440997) Importer(815301076,1909f56bfc062723c751e8b465ee728b)  -> (artifact id: '6917ee2d510e5bcdacfc84c31698fb74') in 0.013017 seconds
  Import took 0.017353 seconds .

========================================================================
Received Import Request.
  Time since last request: 6.458681 seconds.
  path: Assets/Prefabs/Enemy Bullet B.prefab
  artifactKey: Guid(6d0d1dd83e3af0149a3b2380e6440997) Importer(815301076,1909f56bfc062723c751e8b465ee728b)
Start importing Assets/Prefabs/Enemy Bullet B.prefab using Guid(6d0d1dd83e3af0149a3b2380e6440997) Importer(815301076,1909f56bfc062723c751e8b465ee728b)  -> (artifact id: 'c34dd93935b93e29f6a8b5a4807b8601') in 0.012859 seconds
  Import took 0.018215 seconds .

========================================================================
Received Import Request.
  Time since last request: 2.107070 seconds.
  path: Assets/Prefabs/Enemy Bullet B.prefab
  artifactKey: Guid(6d0d1dd83e3af0149a3b2380e6440997) Importer(815301076,1909f56bfc062723c751e8b465ee728b)
Start importing Assets/Prefabs/Enemy Bullet B.prefab using Guid(6d0d1dd83e3af0149a3b2380e6440997) Importer(815301076,1909f56bfc062723c751e8b465ee728b)  -> (artifact id: '372072edc34fdd32fde87c534c0d147d') in 0.010809 seconds
  Import took 0.016520 seconds .

========================================================================
Received Import Request.
  Time since last request: 14.803814 seconds.
  path: ProjectSettings/TagManager.asset
  artifactKey: Guid(00000000000000003000000000000000) Importer(815301076,1909f56bfc062723c751e8b465ee728b)
Start importing ProjectSettings/TagManager.asset using Guid(00000000000000003000000000000000) Importer(815301076,1909f56bfc062723c751e8b465ee728b)  -> (artifact id: 'ab86161ad08498bc0b373d335de53827') in 0.010191 seconds
  Import took 0.015022 seconds .

========================================================================
Received Import Request.
  Time since last request: 10.411806 seconds.
  path: Assets/Prefabs/Enemy Bullet A.prefab
  artifactKey: Guid(5582d6954c1e33f409bd7544fb2d37f9) Importer(815301076,1909f56bfc062723c751e8b465ee728b)
Start importing Assets/Prefabs/Enemy Bullet A.prefab using Guid(5582d6954c1e33f409bd7544fb2d37f9) Importer(815301076,1909f56bfc062723c751e8b465ee728b)  -> (artifact id: '64b3db9e8673ac4f0f6c0b5f0bbe23e5') in 0.010587 seconds
  Import took 0.014574 seconds .

========================================================================
Received Import Request.
  Time since last request: 0.013364 seconds.
  path: Assets/Prefabs/Enemy Bullet A.prefab
  artifactKey: Guid(5582d6954c1e33f409bd7544fb2d37f9) Importer(815301076,1909f56bfc062723c751e8b465ee728b)
Start importing Assets/Prefabs/Enemy Bullet A.prefab using Guid(5582d6954c1e33f409bd7544fb2d37f9) Importer(815301076,1909f56bfc062723c751e8b465ee728b)  -> (artifact id: '64b3db9e8673ac4f0f6c0b5f0bbe23e5') in 0.015627 seconds
  Import took 0.020586 seconds .

========================================================================
Received Import Request.
  Time since last request: 0.000321 seconds.
  path: Assets/Prefabs/Enemy Bullet B.prefab
  artifactKey: Guid(6d0d1dd83e3af0149a3b2380e6440997) Importer(815301076,1909f56bfc062723c751e8b465ee728b)
Start importing Assets/Prefabs/Enemy Bullet B.prefab using Guid(6d0d1dd83e3af0149a3b2380e6440997) Importer(815301076,1909f56bfc062723c751e8b465ee728b)  -> (artifact id: '3cf2ab451006ec7e382e17fdfcfb23e5') in 0.011424 seconds
  Import took 0.015618 seconds .

========================================================================
Received Import Request.
  Time since last request: 0.007555 seconds.
  path: Assets/Prefabs/Enemy Bullet B.prefab
  artifactKey: Guid(6d0d1dd83e3af0149a3b2380e6440997) Importer(815301076,1909f56bfc062723c751e8b465ee728b)
Start importing Assets/Prefabs/Enemy Bullet B.prefab using Guid(6d0d1dd83e3af0149a3b2380e6440997) Importer(815301076,1909f56bfc062723c751e8b465ee728b)  -> (artifact id: '3cf2ab451006ec7e382e17fdfcfb23e5') in 0.010830 seconds
  Import took 0.014862 seconds .

========================================================================
Received Prepare
Registering precompiled user dll's ...
Registered in 0.000837 seconds.
Begin MonoManager ReloadAssembly
Native extension for WindowsStandalone target not found
Refreshing native plugins compatible for Editor in 0.48 ms, found 1 plugins.
Preloading 0 native plugins for Editor in 0.00 ms.
Mono: successfully reloaded assembly
- Completed reload, in  1.014 seconds
Platform modules already initialized, skipping
Refreshing native plugins compatible for Editor in 0.60 ms, found 1 plugins.
Preloading 0 native plugins for Editor in 0.00 ms.
Unloading 1809 Unused Serialized files (Serialized files now loaded: 0)
System memory in use before: 88.2 MB.
System memory in use after: 88.2 MB.

Unloading 13 unused Assets to reduce memory usage. Loaded Objects now: 2287.
Total: 1.977600 ms (FindLiveObjects: 0.176200 ms CreateObjectMapping: 0.080400 ms MarkObjects: 1.569600 ms  DeleteObjects: 0.150400 ms)

========================================================================
Received Import Request.
  Time since last request: 1368.349131 seconds.
  path: Assets/Prefabs/Enemy L.prefab
  artifactKey: Guid(dad1440f0e79c534b892dc3ae743c684) Importer(815301076,1909f56bfc062723c751e8b465ee728b)
Start importing Assets/Prefabs/Enemy L.prefab using Guid(dad1440f0e79c534b892dc3ae743c684) Importer(815301076,1909f56bfc062723c751e8b465ee728b)  -> (artifact id: '3143c06b2ef2fd6835cc4215d5430dbc') in 0.066050 seconds
  Import took 0.069784 seconds .

========================================================================
Received Import Request.
  Time since last request: 0.000258 seconds.
  path: Assets/Prefabs/Enemy S.prefab
  artifactKey: Guid(ef1b0f3fd22cc8c42be111359ff3ec1d) Importer(815301076,1909f56bfc062723c751e8b465ee728b)
Start importing Assets/Prefabs/Enemy S.prefab using Guid(ef1b0f3fd22cc8c42be111359ff3ec1d) Importer(815301076,1909f56bfc062723c751e8b465ee728b)  -> (artifact id: '5c8df962d7d4078e86c97f77af606a8b') in 0.017979 seconds
  Import took 0.022480 seconds .

========================================================================
Received Import Request.
  Time since last request: 0.000286 seconds.
  path: Assets/Prefabs/Enemy M.prefab
  artifactKey: Guid(0166b53a5657ecd408eb0e31767e486c) Importer(815301076,1909f56bfc062723c751e8b465ee728b)
Start importing Assets/Prefabs/Enemy M.prefab using Guid(0166b53a5657ecd408eb0e31767e486c) Importer(815301076,1909f56bfc062723c751e8b465ee728b)  -> (artifact id: 'f7827bfdf3b55716f8d178afbea3a3dd') in 0.021362 seconds
  Import took 0.025822 seconds .

========================================================================
Received Import Request.
  Time since last request: 32.410073 seconds.
  path: Assets/Prefabs/Enemy L.prefab
  artifactKey: Guid(dad1440f0e79c534b892dc3ae743c684) Importer(815301076,1909f56bfc062723c751e8b465ee728b)
Start importing Assets/Prefabs/Enemy L.prefab using Guid(dad1440f0e79c534b892dc3ae743c684) Importer(815301076,1909f56bfc062723c751e8b465ee728b)  -> (artifact id: 'f354b4b56f0b811369d3939ab0408496') in 0.010697 seconds
  Import took 0.014771 seconds .

========================================================================
Received Import Request.
  Time since last request: 0.014594 seconds.
  path: Assets/Prefabs/Enemy L.prefab
  artifactKey: Guid(dad1440f0e79c534b892dc3ae743c684) Importer(815301076,1909f56bfc062723c751e8b465ee728b)
Start importing Assets/Prefabs/Enemy L.prefab using Guid(dad1440f0e79c534b892dc3ae743c684) Importer(815301076,1909f56bfc062723c751e8b465ee728b)  -> (artifact id: 'f354b4b56f0b811369d3939ab0408496') in 0.013968 seconds
  Import took 0.018216 seconds .

========================================================================
Received Import Request.
  Time since last request: 3.411422 seconds.
  path: Assets/Prefabs/Enemy L.prefab
  artifactKey: Guid(dad1440f0e79c534b892dc3ae743c684) Importer(815301076,1909f56bfc062723c751e8b465ee728b)
Start importing Assets/Prefabs/Enemy L.prefab using Guid(dad1440f0e79c534b892dc3ae743c684) Importer(815301076,1909f56bfc062723c751e8b465ee728b)  -> (artifact id: '1e0bb6cba536008f7f40e23f4e5d08b6') in 0.011147 seconds
  Import took 0.015035 seconds .

========================================================================
Received Import Request.
  Time since last request: 0.020200 seconds.
  path: Assets/Prefabs/Enemy L.prefab
  artifactKey: Guid(dad1440f0e79c534b892dc3ae743c684) Importer(815301076,1909f56bfc062723c751e8b465ee728b)
Start importing Assets/Prefabs/Enemy L.prefab using Guid(dad1440f0e79c534b892dc3ae743c684) Importer(815301076,1909f56bfc062723c751e8b465ee728b)  -> (artifact id: '1e0bb6cba536008f7f40e23f4e5d08b6') in 0.014035 seconds
  Import took 0.017757 seconds .

========================================================================
Received Import Request.
  Time since last request: 13.240160 seconds.
  path: Assets/Prefabs/Enemy S.prefab
  artifactKey: Guid(ef1b0f3fd22cc8c42be111359ff3ec1d) Importer(815301076,1909f56bfc062723c751e8b465ee728b)
Start importing Assets/Prefabs/Enemy S.prefab using Guid(ef1b0f3fd22cc8c42be111359ff3ec1d) Importer(815301076,1909f56bfc062723c751e8b465ee728b)  -> (artifact id: '57f8ae3cba25ff10c728139afb01d3d2') in 0.011252 seconds
  Import took 0.016218 seconds .

========================================================================
Received Import Request.
  Time since last request: 0.015945 seconds.
  path: Assets/Prefabs/Enemy S.prefab
  artifactKey: Guid(ef1b0f3fd22cc8c42be111359ff3ec1d) Importer(815301076,1909f56bfc062723c751e8b465ee728b)
Start importing Assets/Prefabs/Enemy S.prefab using Guid(ef1b0f3fd22cc8c42be111359ff3ec1d) Importer(815301076,1909f56bfc062723c751e8b465ee728b)  -> (artifact id: '57f8ae3cba25ff10c728139afb01d3d2') in 0.015521 seconds
  Import took 0.019630 seconds .

========================================================================
Received Import Request.
  Time since last request: 1.620316 seconds.
  path: Assets/Prefabs/Enemy S.prefab
  artifactKey: Guid(ef1b0f3fd22cc8c42be111359ff3ec1d) Importer(815301076,1909f56bfc062723c751e8b465ee728b)
Start importing Assets/Prefabs/Enemy S.prefab using Guid(ef1b0f3fd22cc8c42be111359ff3ec1d) Importer(815301076,1909f56bfc062723c751e8b465ee728b)  -> (artifact id: '11c49fcc6c1332a6dd6ecc7476b9753c') in 0.011427 seconds
  Import took 0.015436 seconds .

========================================================================
Received Import Request.
  Time since last request: 0.017389 seconds.
  path: Assets/Prefabs/Enemy S.prefab
  artifactKey: Guid(ef1b0f3fd22cc8c42be111359ff3ec1d) Importer(815301076,1909f56bfc062723c751e8b465ee728b)
Start importing Assets/Prefabs/Enemy S.prefab using Guid(ef1b0f3fd22cc8c42be111359ff3ec1d) Importer(815301076,1909f56bfc062723c751e8b465ee728b)  -> (artifact id: '11c49fcc6c1332a6dd6ecc7476b9753c') in 0.012348 seconds
  Import took 0.017423 seconds .

========================================================================
Received Import Request.
  Time since last request: 3.156953 seconds.
  path: Assets/Prefabs/Enemy M.prefab
  artifactKey: Guid(0166b53a5657ecd408eb0e31767e486c) Importer(815301076,1909f56bfc062723c751e8b465ee728b)
Start importing Assets/Prefabs/Enemy M.prefab using Guid(0166b53a5657ecd408eb0e31767e486c) Importer(815301076,1909f56bfc062723c751e8b465ee728b)  -> (artifact id: '57fb4e8e186e9166eed03babf50fd86f') in 0.010743 seconds
  Import took 0.014357 seconds .

========================================================================
Received Import Request.
  Time since last request: 0.015639 seconds.
  path: Assets/Prefabs/Enemy M.prefab
  artifactKey: Guid(0166b53a5657ecd408eb0e31767e486c) Importer(815301076,1909f56bfc062723c751e8b465ee728b)
Start importing Assets/Prefabs/Enemy M.prefab using Guid(0166b53a5657ecd408eb0e31767e486c) Importer(815301076,1909f56bfc062723c751e8b465ee728b)  -> (artifact id: '57fb4e8e186e9166eed03babf50fd86f') in 0.013929 seconds
  Import took 0.017630 seconds .

========================================================================
Received Import Request.
  Time since last request: 2.249156 seconds.
  path: Assets/Prefabs/Enemy M.prefab
  artifactKey: Guid(0166b53a5657ecd408eb0e31767e486c) Importer(815301076,1909f56bfc062723c751e8b465ee728b)
Start importing Assets/Prefabs/Enemy M.prefab using Guid(0166b53a5657ecd408eb0e31767e486c) Importer(815301076,1909f56bfc062723c751e8b465ee728b)  -> (artifact id: 'f4f9a0138db83cd5ffe0f230b60e8ad0') in 0.011301 seconds
  Import took 0.015562 seconds .

========================================================================
Received Import Request.
  Time since last request: 0.017040 seconds.
  path: Assets/Prefabs/Enemy M.prefab
  artifactKey: Guid(0166b53a5657ecd408eb0e31767e486c) Importer(815301076,1909f56bfc062723c751e8b465ee728b)
Start importing Assets/Prefabs/Enemy M.prefab using Guid(0166b53a5657ecd408eb0e31767e486c) Importer(815301076,1909f56bfc062723c751e8b465ee728b)  -> (artifact id: 'f4f9a0138db83cd5ffe0f230b60e8ad0') in 0.016235 seconds
  Import took 0.020164 seconds .

========================================================================
Received Import Request.
  Time since last request: 6.819943 seconds.
  path: Assets/Prefabs/Enemy L.prefab
  artifactKey: Guid(dad1440f0e79c534b892dc3ae743c684) Importer(815301076,1909f56bfc062723c751e8b465ee728b)
Start importing Assets/Prefabs/Enemy L.prefab using Guid(dad1440f0e79c534b892dc3ae743c684) Importer(815301076,1909f56bfc062723c751e8b465ee728b)  -> (artifact id: '4a30273f51090ac7f87fc6ce9a5f6053') in 0.012589 seconds
  Import took 0.016379 seconds .

========================================================================
Received Import Request.
  Time since last request: 3.797739 seconds.
  path: Assets/Prefabs/Enemy M.prefab
  artifactKey: Guid(0166b53a5657ecd408eb0e31767e486c) Importer(815301076,1909f56bfc062723c751e8b465ee728b)
Start importing Assets/Prefabs/Enemy M.prefab using Guid(0166b53a5657ecd408eb0e31767e486c) Importer(815301076,1909f56bfc062723c751e8b465ee728b)  -> (artifact id: 'd743f4732a042397c2ba1eec3ae5c5ec') in 0.011217 seconds
  Import took 0.015507 seconds .

========================================================================
Received Import Request.
  Time since last request: 3.519178 seconds.
  path: Assets/Prefabs/Enemy S.prefab
  artifactKey: Guid(ef1b0f3fd22cc8c42be111359ff3ec1d) Importer(815301076,1909f56bfc062723c751e8b465ee728b)
Start importing Assets/Prefabs/Enemy S.prefab using Guid(ef1b0f3fd22cc8c42be111359ff3ec1d) Importer(815301076,1909f56bfc062723c751e8b465ee728b)  -> (artifact id: '48e084fcfce7b303a209335ed421ce91') in 0.015956 seconds
  Import took 0.020774 seconds .

========================================================================
Received Import Request.
  Time since last request: 0.017005 seconds.
  path: Assets/Prefabs/Enemy S.prefab
  artifactKey: Guid(ef1b0f3fd22cc8c42be111359ff3ec1d) Importer(815301076,1909f56bfc062723c751e8b465ee728b)
Start importing Assets/Prefabs/Enemy S.prefab using Guid(ef1b0f3fd22cc8c42be111359ff3ec1d) Importer(815301076,1909f56bfc062723c751e8b465ee728b)  -> (artifact id: '48e084fcfce7b303a209335ed421ce91') in 0.013668 seconds
  Import took 0.017842 seconds .

========================================================================
Received Import Request.
  Time since last request: 38.567735 seconds.
  path: Assets/Prefabs/Enemy S.prefab
  artifactKey: Guid(ef1b0f3fd22cc8c42be111359ff3ec1d) Importer(815301076,1909f56bfc062723c751e8b465ee728b)
Start importing Assets/Prefabs/Enemy S.prefab using Guid(ef1b0f3fd22cc8c42be111359ff3ec1d) Importer(815301076,1909f56bfc062723c751e8b465ee728b)  -> (artifact id: '3d7c5dd6686cdbe9175226b6d8666415') in 0.014063 seconds
  Import took 0.018786 seconds .

========================================================================
Received Import Request.
  Time since last request: 0.017301 seconds.
  path: Assets/Prefabs/Enemy S.prefab
  artifactKey: Guid(ef1b0f3fd22cc8c42be111359ff3ec1d) Importer(815301076,1909f56bfc062723c751e8b465ee728b)
Start importing Assets/Prefabs/Enemy S.prefab using Guid(ef1b0f3fd22cc8c42be111359ff3ec1d) Importer(815301076,1909f56bfc062723c751e8b465ee728b)  -> (artifact id: '3d7c5dd6686cdbe9175226b6d8666415') in 0.013201 seconds
  Import took 0.017740 seconds .

========================================================================
Received Import Request.
  Time since last request: 12.848145 seconds.
  path: Assets/Prefabs/Enemy L.prefab
  artifactKey: Guid(dad1440f0e79c534b892dc3ae743c684) Importer(815301076,1909f56bfc062723c751e8b465ee728b)
Start importing Assets/Prefabs/Enemy L.prefab using Guid(dad1440f0e79c534b892dc3ae743c684) Importer(815301076,1909f56bfc062723c751e8b465ee728b)  -> (artifact id: 'b941bbcaa404454629f67007d9cbb78b') in 0.011382 seconds
  Import took 0.015317 seconds .

========================================================================
Received Import Request.
  Time since last request: 0.016829 seconds.
  path: Assets/Prefabs/Enemy L.prefab
  artifactKey: Guid(dad1440f0e79c534b892dc3ae743c684) Importer(815301076,1909f56bfc062723c751e8b465ee728b)
Start importing Assets/Prefabs/Enemy L.prefab using Guid(dad1440f0e79c534b892dc3ae743c684) Importer(815301076,1909f56bfc062723c751e8b465ee728b)  -> (artifact id: 'b941bbcaa404454629f67007d9cbb78b') in 0.011986 seconds
  Import took 0.016854 seconds .

========================================================================
Received Prepare
Registering precompiled user dll's ...
Registered in 0.000862 seconds.
Begin MonoManager ReloadAssembly
Native extension for WindowsStandalone target not found
Refreshing native plugins compatible for Editor in 0.37 ms, found 1 plugins.
Preloading 0 native plugins for Editor in 0.00 ms.
Mono: successfully reloaded assembly
- Completed reload, in  0.993 seconds
Platform modules already initialized, skipping
Refreshing native plugins compatible for Editor in 0.41 ms, found 1 plugins.
Preloading 0 native plugins for Editor in 0.00 ms.
Unloading 1809 Unused Serialized files (Serialized files now loaded: 0)
System memory in use before: 88.2 MB.
System memory in use after: 88.2 MB.

Unloading 12 unused Assets to reduce memory usage. Loaded Objects now: 2292.
Total: 2.075800 ms (FindLiveObjects: 0.185800 ms CreateObjectMapping: 0.055300 ms MarkObjects: 1.660500 ms  DeleteObjects: 0.172700 ms)

========================================================================
Received Import Request.
  Time since last request: 32.353601 seconds.
  path: Assets/Prefabs/Player Bullet B.prefab
  artifactKey: Guid(24a01aea603da6840ae704af7fbc845c) Importer(815301076,1909f56bfc062723c751e8b465ee728b)
Start importing Assets/Prefabs/Player Bullet B.prefab using Guid(24a01aea603da6840ae704af7fbc845c) Importer(815301076,1909f56bfc062723c751e8b465ee728b)  -> (artifact id: '82c2afd2b8646cc3f52036bd2ce14764') in 0.064625 seconds
  Import took 0.068936 seconds .

========================================================================
Received Prepare
Registering precompiled user dll's ...
Registered in 0.000874 seconds.
Begin MonoManager ReloadAssembly
Native extension for WindowsStandalone target not found
Refreshing native plugins compatible for Editor in 0.46 ms, found 1 plugins.
Preloading 0 native plugins for Editor in 0.00 ms.
Mono: successfully reloaded assembly
- Completed reload, in  1.002 seconds
Platform modules already initialized, skipping
Refreshing native plugins compatible for Editor in 0.45 ms, found 1 plugins.
Preloading 0 native plugins for Editor in 0.00 ms.
Unloading 1809 Unused Serialized files (Serialized files now loaded: 0)
System memory in use before: 88.2 MB.
System memory in use after: 88.2 MB.

Unloading 12 unused Assets to reduce memory usage. Loaded Objects now: 2297.
Total: 4.027000 ms (FindLiveObjects: 0.484000 ms CreateObjectMapping: 0.138500 ms MarkObjects: 3.226800 ms  DeleteObjects: 0.176100 ms)

========================================================================
Received Prepare
Registering precompiled user dll's ...
Registered in 0.000812 seconds.
Begin MonoManager ReloadAssembly
Native extension for WindowsStandalone target not found
Refreshing native plugins compatible for Editor in 0.35 ms, found 1 plugins.
Preloading 0 native plugins for Editor in 0.00 ms.
Mono: successfully reloaded assembly
- Completed reload, in  0.956 seconds
Platform modules already initialized, skipping
Refreshing native plugins compatible for Editor in 0.43 ms, found 1 plugins.
Preloading 0 native plugins for Editor in 0.00 ms.
Unloading 1809 Unused Serialized files (Serialized files now loaded: 0)
System memory in use before: 88.2 MB.
System memory in use after: 88.2 MB.

Unloading 12 unused Assets to reduce memory usage. Loaded Objects now: 2301.
Total: 1.996500 ms (FindLiveObjects: 0.205700 ms CreateObjectMapping: 0.067000 ms MarkObjects: 1.585300 ms  DeleteObjects: 0.137800 ms)

========================================================================
Received Prepare
Registering precompiled user dll's ...
Registered in 0.001023 seconds.
Begin MonoManager ReloadAssembly
Native extension for WindowsStandalone target not found
Refreshing native plugins compatible for Editor in 0.71 ms, found 1 plugins.
Preloading 0 native plugins for Editor in 0.00 ms.
Mono: successfully reloaded assembly
- Completed reload, in  0.984 seconds
Platform modules already initialized, skipping
Refreshing native plugins compatible for Editor in 0.49 ms, found 1 plugins.
Preloading 0 native plugins for Editor in 0.00 ms.
Unloading 1809 Unused Serialized files (Serialized files now loaded: 0)
System memory in use before: 88.3 MB.
System memory in use after: 88.2 MB.

Unloading 12 unused Assets to reduce memory usage. Loaded Objects now: 2305.
Total: 1.966300 ms (FindLiveObjects: 0.205500 ms CreateObjectMapping: 0.060100 ms MarkObjects: 1.566400 ms  DeleteObjects: 0.133200 ms)

========================================================================
Received Import Request.
  Time since last request: 249.052293 seconds.
  path: Assets/Prefabs/Enemy Bullet B.prefab
  artifactKey: Guid(6d0d1dd83e3af0149a3b2380e6440997) Importer(815301076,1909f56bfc062723c751e8b465ee728b)
Start importing Assets/Prefabs/Enemy Bullet B.prefab using Guid(6d0d1dd83e3af0149a3b2380e6440997) Importer(815301076,1909f56bfc062723c751e8b465ee728b)  -> (artifact id: 'c0be10382e7e913e8a36015ac61cba1d') in 0.069797 seconds
  Import took 0.074246 seconds .

========================================================================
Received Prepare
Registering precompiled user dll's ...
Registered in 0.000967 seconds.
Begin MonoManager ReloadAssembly
Native extension for WindowsStandalone target not found
Refreshing native plugins compatible for Editor in 0.41 ms, found 1 plugins.
Preloading 0 native plugins for Editor in 0.00 ms.
Mono: successfully reloaded assembly
- Completed reload, in  1.017 seconds
Platform modules already initialized, skipping
Refreshing native plugins compatible for Editor in 0.43 ms, found 1 plugins.
Preloading 0 native plugins for Editor in 0.00 ms.
Unloading 1809 Unused Serialized files (Serialized files now loaded: 0)
System memory in use before: 88.3 MB.
System memory in use after: 88.2 MB.

Unloading 12 unused Assets to reduce memory usage. Loaded Objects now: 2310.
Total: 2.527200 ms (FindLiveObjects: 0.232400 ms CreateObjectMapping: 0.095800 ms MarkObjects: 2.087400 ms  DeleteObjects: 0.109400 ms)

========================================================================
Received Import Request.
  Time since last request: 112.331392 seconds.
  path: ProjectSettings/TagManager.asset
  artifactKey: Guid(00000000000000003000000000000000) Importer(815301076,1909f56bfc062723c751e8b465ee728b)
Start importing ProjectSettings/TagManager.asset using Guid(00000000000000003000000000000000) Importer(815301076,1909f56bfc062723c751e8b465ee728b)  -> (artifact id: '7dd831c02b83d813a543354c3df1e85d') in 0.013343 seconds
  Import took 0.017174 seconds .

========================================================================
Received Import Request.
  Time since last request: 0.001017 seconds.
  path: ProjectSettings/TagManager.asset
  artifactKey: Guid(00000000000000003000000000000000) Importer(815301076,1909f56bfc062723c751e8b465ee728b)
Start importing ProjectSettings/TagManager.asset using Guid(00000000000000003000000000000000) Importer(815301076,1909f56bfc062723c751e8b465ee728b)  -> (artifact id: '7dd831c02b83d813a543354c3df1e85d') in 0.003298 seconds
  Import took 0.007552 seconds .

========================================================================
Received Import Request.
  Time since last request: 23.658259 seconds.
  path: Assets/Prefabs/Enemy Bullet A.prefab
  artifactKey: Guid(5582d6954c1e33f409bd7544fb2d37f9) Importer(815301076,1909f56bfc062723c751e8b465ee728b)
Start importing Assets/Prefabs/Enemy Bullet A.prefab using Guid(5582d6954c1e33f409bd7544fb2d37f9) Importer(815301076,1909f56bfc062723c751e8b465ee728b)  -> (artifact id: '50e64456f27b0b91e689bb9bdc5185e0') in 0.060360 seconds
  Import took 0.063672 seconds .

========================================================================
Received Import Request.
  Time since last request: 0.000320 seconds.
  path: Assets/Prefabs/Enemy Bullet B.prefab
  artifactKey: Guid(6d0d1dd83e3af0149a3b2380e6440997) Importer(815301076,1909f56bfc062723c751e8b465ee728b)
Start importing Assets/Prefabs/Enemy Bullet B.prefab using Guid(6d0d1dd83e3af0149a3b2380e6440997) Importer(815301076,1909f56bfc062723c751e8b465ee728b)  -> (artifact id: '7e552da18d6a9f4ed47a4d37c8725662') in 0.014414 seconds
  Import took 0.017777 seconds .

========================================================================
Received Prepare
Registering precompiled user dll's ...
Registered in 0.000989 seconds.
Begin MonoManager ReloadAssembly
Native extension for WindowsStandalone target not found
Refreshing native plugins compatible for Editor in 0.49 ms, found 1 plugins.
Preloading 0 native plugins for Editor in 0.00 ms.
Mono: successfully reloaded assembly
- Completed reload, in  0.935 seconds
Platform modules already initialized, skipping
Refreshing native plugins compatible for Editor in 0.39 ms, found 1 plugins.
Preloading 0 native plugins for Editor in 0.00 ms.
Unloading 1809 Unused Serialized files (Serialized files now loaded: 0)
System memory in use before: 88.3 MB.
System memory in use after: 88.3 MB.

Unloading 14 unused Assets to reduce memory usage. Loaded Objects now: 2315.
Total: 2.376600 ms (FindLiveObjects: 0.187200 ms CreateObjectMapping: 0.044500 ms MarkObjects: 1.966300 ms  DeleteObjects: 0.177600 ms)

========================================================================
Received Prepare
Registering precompiled user dll's ...
Registered in 0.001400 seconds.
Begin MonoManager ReloadAssembly
Native extension for WindowsStandalone target not found
Refreshing native plugins compatible for Editor in 0.36 ms, found 1 plugins.
Preloading 0 native plugins for Editor in 0.00 ms.
Mono: successfully reloaded assembly
- Completed reload, in  1.013 seconds
Platform modules already initialized, skipping
Refreshing native plugins compatible for Editor in 0.58 ms, found 1 plugins.
Preloading 0 native plugins for Editor in 0.00 ms.
Unloading 1809 Unused Serialized files (Serialized files now loaded: 0)
System memory in use before: 88.3 MB.
System memory in use after: 88.3 MB.

Unloading 12 unused Assets to reduce memory usage. Loaded Objects now: 2319.
Total: 2.127500 ms (FindLiveObjects: 0.202000 ms CreateObjectMapping: 0.058400 ms MarkObjects: 1.695500 ms  DeleteObjects: 0.169900 ms)

========================================================================
Received Prepare
Registering precompiled user dll's ...
Registered in 0.000785 seconds.
Begin MonoManager ReloadAssembly
Native extension for WindowsStandalone target not found
Refreshing native plugins compatible for Editor in 0.57 ms, found 1 plugins.
Preloading 0 native plugins for Editor in 0.00 ms.
Mono: successfully reloaded assembly
- Completed reload, in  0.965 seconds
Platform modules already initialized, skipping
Refreshing native plugins compatible for Editor in 0.44 ms, found 1 plugins.
Preloading 0 native plugins for Editor in 0.00 ms.
Unloading 1809 Unused Serialized files (Serialized files now loaded: 0)
System memory in use before: 88.3 MB.
System memory in use after: 88.3 MB.

Unloading 12 unused Assets to reduce memory usage. Loaded Objects now: 2323.
Total: 2.485300 ms (FindLiveObjects: 0.188700 ms CreateObjectMapping: 0.045100 ms MarkObjects: 2.081400 ms  DeleteObjects: 0.169300 ms)

========================================================================
Received Prepare
Registering precompiled user dll's ...
Registered in 0.000922 seconds.
Begin MonoManager ReloadAssembly
Native extension for WindowsStandalone target not found
Refreshing native plugins compatible for Editor in 0.60 ms, found 1 plugins.
Preloading 0 native plugins for Editor in 0.00 ms.
Mono: successfully reloaded assembly
- Completed reload, in  0.959 seconds
Platform modules already initialized, skipping
Refreshing native plugins compatible for Editor in 0.38 ms, found 1 plugins.
Preloading 0 native plugins for Editor in 0.00 ms.
Unloading 1809 Unused Serialized files (Serialized files now loaded: 0)
System memory in use before: 88.3 MB.
System memory in use after: 88.3 MB.

Unloading 12 unused Assets to reduce memory usage. Loaded Objects now: 2327.
Total: 2.768700 ms (FindLiveObjects: 0.201000 ms CreateObjectMapping: 0.041900 ms MarkObjects: 2.380900 ms  DeleteObjects: 0.144100 ms)

========================================================================
Received Import Request.
  Time since last request: 909.390427 seconds.
  path: Assets/Prefabs/Enemy L.prefab
  artifactKey: Guid(dad1440f0e79c534b892dc3ae743c684) Importer(815301076,1909f56bfc062723c751e8b465ee728b)
Start importing Assets/Prefabs/Enemy L.prefab using Guid(dad1440f0e79c534b892dc3ae743c684) Importer(815301076,1909f56bfc062723c751e8b465ee728b)  -> (artifact id: '7a5bc70e9d10df100971381c436e891d') in 0.062324 seconds
  Import took 0.066950 seconds .

========================================================================
Received Prepare
Registering precompiled user dll's ...
Registered in 0.000814 seconds.
Begin MonoManager ReloadAssembly
Native extension for WindowsStandalone target not found
Refreshing native plugins compatible for Editor in 0.37 ms, found 1 plugins.
Preloading 0 native plugins for Editor in 0.00 ms.
Mono: successfully reloaded assembly
- Completed reload, in  0.962 seconds
Platform modules already initialized, skipping
Refreshing native plugins compatible for Editor in 0.40 ms, found 1 plugins.
Preloading 0 native plugins for Editor in 0.00 ms.
Unloading 1809 Unused Serialized files (Serialized files now loaded: 0)
System memory in use before: 88.3 MB.
System memory in use after: 88.3 MB.

Unloading 12 unused Assets to reduce memory usage. Loaded Objects now: 2332.
Total: 2.988600 ms (FindLiveObjects: 0.185200 ms CreateObjectMapping: 0.042100 ms MarkObjects: 2.544100 ms  DeleteObjects: 0.216400 ms)

========================================================================
Received Import Request.
  Time since last request: 12.105057 seconds.
  path: Assets/Prefabs/Enemy S.prefab
  artifactKey: Guid(ef1b0f3fd22cc8c42be111359ff3ec1d) Importer(815301076,1909f56bfc062723c751e8b465ee728b)
Start importing Assets/Prefabs/Enemy S.prefab using Guid(ef1b0f3fd22cc8c42be111359ff3ec1d) Importer(815301076,1909f56bfc062723c751e8b465ee728b)  -> (artifact id: 'be0a71a6553ae8892026f41fdcf4dd93') in 0.053827 seconds
  Import took 0.057538 seconds .

========================================================================
Received Prepare
Registering precompiled user dll's ...
Registered in 0.001130 seconds.
Begin MonoManager ReloadAssembly
Native extension for WindowsStandalone target not found
Refreshing native plugins compatible for Editor in 0.56 ms, found 1 plugins.
Preloading 0 native plugins for Editor in 0.00 ms.
Mono: successfully reloaded assembly
- Completed reload, in  0.982 seconds
Platform modules already initialized, skipping
Refreshing native plugins compatible for Editor in 0.37 ms, found 1 plugins.
Preloading 0 native plugins for Editor in 0.00 ms.
Unloading 1809 Unused Serialized files (Serialized files now loaded: 0)
System memory in use before: 88.3 MB.
System memory in use after: 88.3 MB.

Unloading 12 unused Assets to reduce memory usage. Loaded Objects now: 2337.
Total: 2.018800 ms (FindLiveObjects: 0.198400 ms CreateObjectMapping: 0.064400 ms MarkObjects: 1.585200 ms  DeleteObjects: 0.169900 ms)

AssetImportWorkerClient::OnTransportError - code=2 error=End of file
